c:\users\c00217557\desktop\orcvstrolls\debug\vc141.pdb
c:\users\c00217557\desktop\orcvstrolls\debug\vc141.idb
c:\users\c00217557\desktop\orcvstrolls\debug\character.obj
c:\users\c00217557\desktop\orcvstrolls\debug\main.obj
c:\users\c00217557\desktop\orcvstrolls\debug\orc.obj
c:\users\c00217557\desktop\orcvstrolls\debug\troll.obj
c:\users\c00217557\desktop\orcvstrolls\debug\orcvstrolls.ilk
c:\users\c00217557\desktop\orcvstrolls\debug\orcvstrolls.exe
c:\users\c00217557\desktop\orcvstrolls\debug\orcvstrolls.pdb
c:\users\woxy#1\source\repos\orcsvstrolls2\orcvstrolls\debug\character.obj
c:\users\woxy#1\source\repos\orcsvstrolls2\orcvstrolls\debug\main.obj
c:\users\woxy#1\source\repos\orcsvstrolls2\orcvstrolls\debug\orc.obj
c:\users\woxy#1\source\repos\orcsvstrolls2\orcvstrolls\debug\troll.obj
c:\users\woxy#1\source\repos\orcsvstrolls2\orcvstrolls\debug\orcvstrolls.ilk
c:\users\woxy#1\source\repos\orcsvstrolls2\orcvstrolls\debug\vc141.idb
c:\users\woxy#1\source\repos\orcsvstrolls2\orcvstrolls\debug\orcvstrolls.pdb
c:\users\woxy#1\source\repos\orcsvstrolls2\orcvstrolls\debug\vc141.pdb
c:\users\woxy#1\source\repos\orcsvstrolls2\orcvstrolls\debug\orcvstrolls.exe
c:\users\woxy#1\source\repos\orcsvstrolls2\orcvstrolls\debug\orcvstrolls.tlog\cl.command.1.tlog
c:\users\woxy#1\source\repos\orcsvstrolls2\orcvstrolls\debug\orcvstrolls.tlog\cl.read.1.tlog
c:\users\woxy#1\source\repos\orcsvstrolls2\orcvstrolls\debug\orcvstrolls.tlog\cl.write.1.tlog
c:\users\woxy#1\source\repos\orcsvstrolls2\orcvstrolls\debug\orcvstrolls.tlog\link.command.1.tlog
c:\users\woxy#1\source\repos\orcsvstrolls2\orcvstrolls\debug\orcvstrolls.tlog\link.read.1.tlog
c:\users\woxy#1\source\repos\orcsvstrolls2\orcvstrolls\debug\orcvstrolls.tlog\link.write.1.tlog
